-	 _____                 _____         _     _   
-	|_   _|___ ___ ___ _ _|   __|___ ___|_|___| |_ 
-	  | | | -_| -_|   | | |__   |  _|  _| | . |  _| 
-	  |_| |___|___|_|_|_  |_____|___|_| |_|  _|_|   
-	By TarreTarreTarre|___|Build '1.2.0'  |_|       
+	F5 = Run script
+	F6 = Build 'AU3'
+	F7 = Build 'EXE'
+	F8 = Options GUI
+	F10 = Exit TeenyScript
!	TeenyScript closed by user @ 20:01:36
-	 _____                 _____         _     _   
-	|_   _|___ ___ ___ _ _|   __|___ ___|_|___| |_ 
-	  | | | -_| -_|   | | |__   |  _|  _| | . |  _| 
-	  |_| |___|___|_|_|_  |_____|___|_| |_|  _|_|   
-	By TarreTarreTarre|___|Build '1.2.0'  |_|       
+	F5 = Run script
+	F6 = Build 'AU3'
+	F7 = Build 'EXE'
+	F8 = Options GUI
+	F10 = Exit TeenyScript
+	Conversion from 'C:\test\Public\Main.ts.au3' to 'C:\test\Public\Main.au3' was successful!
>	Running 'C:\test\Public\Main.ts.au3' without params
>	End ~8.34 seconds.
!	TeenyScript closed by user @ 20:09:50
-	 _____                 _____         _     _   
-	|_   _|___ ___ ___ _ _|   __|___ ___|_|___| |_ 
-	  | | | -_| -_|   | | |__   |  _|  _| | . |  _| 
-	  |_| |___|___|_|_|_  |_____|___|_| |_|  _|_|   
-	By TarreTarreTarre|___|Build '1.2.0'  |_|       
+	F5 = Run script
+	F6 = Build 'AU3'
+	F7 = Build 'EXE'
+	F8 = Options GUI
+	F10 = Exit TeenyScript
+	Conversion from 'C:\test\Public\Main.ts.au3' to 'C:\test\Public\Main.au3' was successful!
!	TeenyScript closed by user @ 20:17:03
-	 _____                 _____         _     _   
-	|_   _|___ ___ ___ _ _|   __|___ ___|_|___| |_ 
-	  | | | -_| -_|   | | |__   |  _|  _| | . |  _| 
-	  |_| |___|___|_|_|_  |_____|___|_| |_|  _|_|   
-	By TarreTarreTarre|___|Build '1.2.0'  |_|       
+	F5 = Run script
+	F6 = Build 'AU3'
+	F7 = Build 'EXE'
+	F8 = Options GUI
+	F10 = Exit TeenyScript
>	Running 'C:\test\Public\Main.ts.au3' without params
>	End ~792.421838244104 milliseconds.
+	Found TS.project.ini, compiling with options
>	Compiling 'C:\test\Public\Main.au3' -> 'C:\test\Public\Public\Builds\Unnamed Gui Application_x32.exe'
>	End ~32.168833483827 milliseconds.
>	Compiling 'C:\test\Public\Main.au3' -> 'False\False_x32.exe'
>	End ~3.75 seconds.
!	TeenyScript closed by user @ 20:19:37
-	 _____                 _____         _     _   
-	|_   _|___ ___ ___ _ _|   __|___ ___|_|___| |_ 
-	  | | | -_| -_|   | | |__   |  _|  _| | . |  _| 
-	  |_| |___|___|_|_|_  |_____|___|_| |_|  _|_|   
-	By TarreTarreTarre|___|Build '1.2.0'  |_|       
+	F5 = Run script
+	F6 = Build 'AU3'
+	F7 = Build 'EXE'
+	F8 = Options GUI
+	F10 = Exit TeenyScript
>	Compiling 'C:\test\Public\Main.au3' -> 'False\False_x32.exe'
>	End ~34.3306828907649 milliseconds.
!	TeenyScript closed by user @ 20:31:14
-	 _____                 _____         _     _   
-	|_   _|___ ___ ___ _ _|   __|___ ___|_|___| |_ 
-	  | | | -_| -_|   | | |__   |  _|  _| | . |  _| 
-	  |_| |___|___|_|_|_  |_____|___|_| |_|  _|_|   
-	By TarreTarreTarre|___|Build '1.2.0'  |_|       
+	F5 = Run script
+	F6 = Build 'AU3'
+	F7 = Build 'EXE'
+	F8 = Options GUI
+	F10 = Exit TeenyScript
>	Compiling 'C:\test\Public\Main.au3' -> 'Main'
>	End ~30.2854704900835 milliseconds.
+	Found TS.project.ini, compiling with options
>	Compiling 'C:\test\Public\Main.au3' -> 'C:\test\Public\Public\Builds\Unnamed Gui Application_x32.exe'
>	End ~30.6747085828168 milliseconds.
!	TeenyScript closed by user @ 20:33:15
-	 _____                 _____         _     _   
-	|_   _|___ ___ ___ _ _|   __|___ ___|_|___| |_ 
-	  | | | -_| -_|   | | |__   |  _|  _| | . |  _| 
-	  |_| |___|___|_|_|_  |_____|___|_| |_|  _|_|   
-	By TarreTarreTarre|___|Build '1.2.0'  |_|       
+	F5 = Run script
+	F6 = Build 'AU3'
+	F7 = Build 'EXE'
+	F8 = Options GUI
+	F10 = Exit TeenyScript
+	Found TS.project.ini, compiling with options
>	Compiling 'C:\test\Public\Main.au3' -> 'C:\test\Public\Public\Builds\Unnamed Gui Application_x32.exe'
>	End ~30.7118206231901 milliseconds.
>	Compiling 'C:\test\Public\Main.au3' -> 'C:\test\Public\Main.exe'
>	End ~28.8240743175914 milliseconds.
!	TeenyScript closed by user @ 20:33:39
